<?xml version="1.0" encoding="UTF-8"?>
<testng-results skipped="0" failed="0" ignored="0" total="1" passed="1">
  <reporter-output>
  </reporter-output>
  <suite name="Default suite" duration-ms="111344" started-at="2020-09-01T18:42:15Z" finished-at="2020-09-01T18:44:07Z">
    <groups>
    </groups>
    <test name="Default test" duration-ms="111344" started-at="2020-09-01T18:42:15Z" finished-at="2020-09-01T18:44:07Z">
      <class name="com.feAutomation.OnlineShopAutomation">
        <test-method status="PASS" signature="run()[pri:0, instance:com.feAutomation.OnlineShopAutomation@2f686d1f]" name="run" duration-ms="111297" started-at="2020-09-02T00:12:15Z" finished-at="2020-09-02T00:14:07Z">
          <reporter-output>
          </reporter-output>
        </test-method> <!-- run -->
      </class> <!-- com.feAutomation.OnlineShopAutomation -->
    </test> <!-- Default test -->
  </suite> <!-- Default suite -->
</testng-results>
